[color=#ff9900][b]Version: 1.2.1 ---------------[/b][/color]
Crossing helper bugfix

[color=#ff9900][b]Version: 1.2.0 ---------------[/b][/color]
Gold Road update
Russian translations and pChat compatibility added courtesy of Savaoth

[color=#ff9900][b]Version: 1.1.7 ---------------[/b][/color]
Fix occasional tome check bug

[color=#ff9900][b]Version: 1.1.6 ---------------[/b][/color]
Prevent accidental buff selection
Miscellaneous bugfixes
Treacherous crossing helper added
Share information in Duo mode (verse selections, mystery verses, etc.) - Requires LibDataShare
Settings reorganised

[color=#ff9900][b]Version: 1.1.5 ---------------[/b][/color]
Bugged line of code removed

[color=#ff9900][b]Version: 1.1.4 ---------------[/b][/color]
Miscellaneous bug fixes
Move Marauder settings together

[color=#ff9900][b]Version: 1.1.3 ---------------[/b][/color]
Bugfixes for Gw marker and transformation vision counts
German language grammer fixes
Font fix

[color=#ff9900][b]Version: 1.1.2 ---------------[/b][/color]
Added markers for Gw the pilferer
French translations updated courtesy of Cyronhir
German translations updated courtesy of Nuirangi
Code optimisations and bugfixes
Print selected buff to group chat
Fix auto ignore pet detection

[color=#ff9900][b]Version: 1.1.1 ---------------[/b][/color]
Make comboboxes scrollable (thanks Cyronhir)
Correctly format non-english text

[color=#ff9900][b]Version: 1.1.0 ---------------[/b][/color]
Scions Update

[color=#ff9900][b]Version: 1.0.12 ---------------[/b][/color]
Bugfix for freezing issue

[color=#ff9900][b]Version: 1.0.11 ---------------[/b][/color]
Refactor icon selection for favourites/ignore
Added German Tomeshell translation for Tomeshell counter

[color=#ff9900][b]Version: 1.0.10 ---------------[/b][/color]
Echoing den timer bug fix
Update date to favourites display

[color=#ff9900][b]Version: 1.0.9 ---------------[/b][/color]
Added marker reset
Changed message frames to object pool
Enabled Shard marking after arc 4 cycle 2 (optional)
Handle zone changes where the map id does not change
Added Filers' Wing Tomeshell count (requires LibDataShare and both players to use this addon for duo mode)
Keybind added to mark/unmark current (reticleover) target
Added missing achievements
Added ignore list for verses/visions
Code refactor

[color=#ff9900][b]Version: 1.0.8 ---------------[/b][/color]
Reduce time delay on marauder warning sound
Minor code refactor
Added Fabled target markers
Added quest objective reminders
Added Shard target markers (translation dependant)

[color=#ff9900][b]Version: 1.0.7 ---------------[/b][/color]
Improved accuracy of Echoing Den timer (translation dependant)

[color=#ff9900][b]Version: 1.0.6 ---------------[/b][/color]m
Play audible warning for incoming Marauders added
Changed avatar stack count text

[color=#ff9900][b]Version: 1.0.5 ---------------[/b][/color]
Code refactor
German translation correction (thanks Baertram)
Timer added for Echoing Den (Ghost lights)
Boss warning added when selecting verses
Include avatar visions in stack counts

[color=#ff9900][b]Version: 1.0.4 ---------------[/b][/color]
Achievement alogirithm fix
Added slash commands

[color=#ff9900][b]Version: 1.0.3 ---------------[/b][/color]
Achievement progress notifications added

[color=#ff9900][b]Version: 1.0.2 ---------------[/b][/color]
Stack counts added
Bugfix for achievement detection

[color=#ff9900][b]Version: 1.0.1 ---------------[/b][/color]
Bugfix for initial login with no favourites set

[color=#ff9900][b]Version: 1.0.0 ---------------[/b][/color]
Initial Release